<?xml version="1.0" encoding="UTF-8"?>
<testng-results ignored="0" total="1" passed="1" failed="0" skipped="0">
  <reporter-output>
  </reporter-output>
  <suite started-at="2023-01-09T01:07:29 IST" name="Suite" finished-at="2023-01-09T01:07:29 IST" duration-ms="72">
    <groups>
    </groups>
    <test started-at="2023-01-09T01:07:29 IST" name="Test" finished-at="2023-01-09T01:07:29 IST" duration-ms="72">
      <class name="xmlParamerterization.PracticeTest">
        <test-method signature="demoTest(org.testng.xml.XmlTest)[pri:0, instance:xmlParamerterization.PracticeTest@53aac487]" started-at="2023-01-09T01:07:29 IST" name="demoTest" finished-at="2023-01-09T01:07:29 IST" duration-ms="10" status="PASS">
          <params>
            <param index="0">
              <value>
                <![CDATA[org.testng.xml.XmlTest@3e2a8644]]>
              </value>
            </param>
          </params>
          <reporter-output>
          </reporter-output>
        </test-method> <!-- demoTest -->
      </class> <!-- xmlParamerterization.PracticeTest -->
    </test> <!-- Test -->
  </suite> <!-- Suite -->
</testng-results>
